Parts list for circuit:
C:\DESIGN\DEV\VAC.CIR
-----------------------

C2: .01uF CER. CAP. CAP (1)

Q2,Q1: 2N3904 NPN (2)

C4,C3: 18pf CER. CAP. CAP (2)

XL1: 4.000MHZ (1)

D1: RED LED 5MM/3MM DIODE (1)

C1: 10uF ELEC. CAPA CAP (1)

J1,J2: HEADER 2 PIN MO (2)

J3: HEADER 3 PIN MO (1)

TP1: TP (1)

U1: PIC12671 (1)

Q3: 5V REG  78L05 (1)

S1: PRESSURE SENSOR (1)

R7,R3: 47k RESISTOR (2)

R6: 2.2k RESISTOR (1)

R5: 750k RESISTOR (1)

R1: 10M RESISTOR (1)

R4: 470 RESISTOR (1)

R2: 10k RESISTOR (1)

R8: 1K/0.5W RESISTOR (1)

